13:39:23 EasyTAG 2.1.7 wird gestartet (PId: 44458)...
13:39:23 Verwendet libid3tag Version 0.15.1 (beta) ...
13:39:23 Verwende momentan die Spracheinstellung 'de_DE.UTF-8' (letztendlich 'ISO-8859-1')...
13:39:28 Automatische Korrekturen wurden für die Datei '/Users/robert/Music/01unsorted/keine ahnung/Booka Shade - The Sun & The Neon Light (2008)/01 - Outskirts.mp3' angewendet.
13:39:28 Automatische Korrekturen wurden für die Datei '/Users/robert/Music/01unsorted/keine ahnung/Booka Shade - The Sun & The Neon Light (2008)/02 - Duke.mp3' angewendet.
13:39:29 Automatische Korrekturen wurden für die Datei '/Users/robert/Music/01unsorted/keine ahnung/Booka Shade - The Sun & The Neon Light (2008)/03 - Dusty Boots.mp3' angewendet.
13:39:29 Automatische Korrekturen wurden für die Datei '/Users/robert/Music/01unsorted/keine ahnung/Booka Shade - The Sun & The Neon Light (2008)/04 - Control Me.mp3' angewendet.
13:39:29 Automatische Korrekturen wurden für die Datei '/Users/robert/Music/01unsorted/keine ahnung/Booka Shade - The Sun & The Neon Light (2008)/05 - Solo City.mp3' angewendet.
13:39:29 Automatische Korrekturen wurden für die Datei '/Users/robert/Music/01unsorted/keine ahnung/Booka Shade - The Sun & The Neon Light (2008)/06 - Redemption.mp3' angewendet.
13:39:29 Automatische Korrekturen wurden für die Datei '/Users/robert/Music/01unsorted/keine ahnung/Booka Shade - The Sun & The Neon Light (2008)/07 - Charlotte.mp3' angewendet.
13:39:29 Automatische Korrekturen wurden für die Datei '/Users/robert/Music/01unsorted/keine ahnung/Booka Shade - The Sun & The Neon Light (2008)/08 - The Sun & The Neon Light.mp3' angewendet.
13:39:29 Automatische Korrekturen wurden für die Datei '/Users/robert/Music/01unsorted/keine ahnung/Booka Shade - The Sun & The Neon Light (2008)/09 - Sweet Lies.mp3' angewendet.
13:39:29 Automatische Korrekturen wurden für die Datei '/Users/robert/Music/01unsorted/keine ahnung/Booka Shade - The Sun & The Neon Light (2008)/10 - Karma Car.mp3' angewendet.
13:39:29 Automatische Korrekturen wurden für die Datei '/Users/robert/Music/01unsorted/keine ahnung/Booka Shade - The Sun & The Neon Light (2008)/11 - Psychameleon.mp3' angewendet.
13:39:29 Automatische Korrekturen wurden für die Datei '/Users/robert/Music/01unsorted/keine ahnung/Booka Shade - The Sun & The Neon Light (2008)/12 - Planetary.mp3' angewendet.
13:39:29 Automatische Korrekturen wurden für die Datei '/Users/robert/Music/01unsorted/keine ahnung/Booka Shade - The Sun & The Neon Light (2008)/13 - Comacabana.mp3' angewendet.
13:39:29 Automatische Korrekturen wurden für die Datei '/Users/robert/Music/01unsorted/keine ahnung/Booka Shade - The Sun & The Neon Light (2008)/14 - You Don't Know What You Mean To Me.mp3' angewendet.
13:39:29 Automatische Korrekturen wurden für die Datei '/Users/robert/Music/01unsorted/keine ahnung/Cajun Dance Party - The Colourful Life (2008)/01 - Colourful Life.mp3' angewendet.
13:39:29 Automatische Korrekturen wurden für die Datei '/Users/robert/Music/01unsorted/keine ahnung/Cajun Dance Party - The Colourful Life (2008)/02 - The Race.mp3' angewendet.
13:39:29 Automatische Korrekturen wurden für die Datei '/Users/robert/Music/01unsorted/keine ahnung/Cajun Dance Party - The Colourful Life (2008)/03 - Time Falls.mp3' angewendet.
13:39:29 Automatische Korrekturen wurden für die Datei '/Users/robert/Music/01unsorted/keine ahnung/Cajun Dance Party - The Colourful Life (2008)/04 - The Next Untouchable.mp3' angewendet.
13:39:29 Automatische Korrekturen wurden für die Datei '/Users/robert/Music/01unsorted/keine ahnung/Cajun Dance Party - The Colourful Life (2008)/05 - No Joanna.mp3' angewendet.
13:39:29 Automatische Korrekturen wurden für die Datei '/Users/robert/Music/01unsorted/keine ahnung/Cajun Dance Party - The Colourful Life (2008)/06 - Amylase.mp3' angewendet.
13:39:30 Automatische Korrekturen wurden für die Datei '/Users/robert/Music/01unsorted/keine ahnung/Cajun Dance Party - The Colourful Life (2008)/07 - The Firework.mp3' angewendet.
13:39:30 Automatische Korrekturen wurden für die Datei '/Users/robert/Music/01unsorted/keine ahnung/Cajun Dance Party - The Colourful Life (2008)/08 - Buttercups.mp3' angewendet.
13:39:30 Automatische Korrekturen wurden für die Datei '/Users/robert/Music/01unsorted/keine ahnung/Cajun Dance Party - The Colourful Life (2008)/09 - The Hill, The View & The Lights.mp3' angewendet.
13:39:30 Automatische Korrekturen wurden für die Datei '/Users/robert/Music/01unsorted/keine ahnung/Comeback Kid - Symptoms + Cures (2010)/01 - Do Yourself a Favor.mp3' angewendet.
13:39:30 Automatische Korrekturen wurden für die Datei '/Users/robert/Music/01unsorted/keine ahnung/Comeback Kid - Symptoms + Cures (2010)/02 - Crooked Floors.mp3' angewendet.
13:39:30 Automatische Korrekturen wurden für die Datei '/Users/robert/Music/01unsorted/keine ahnung/Comeback Kid - Symptoms + Cures (2010)/03 - G.M. Vincent & I.mp3' angewendet.
13:39:30 Automatische Korrekturen wurden für die Datei '/Users/robert/Music/01unsorted/keine ahnung/Comeback Kid - Symptoms + Cures (2010)/04 - Because of All.mp3' angewendet.
13:39:30 Automatische Korrekturen wurden für die Datei '/Users/robert/Music/01unsorted/keine ahnung/Comeback Kid - Symptoms + Cures (2010)/05 - The Concept Stays.mp3' angewendet.
13:39:30 Automatische Korrekturen wurden für die Datei '/Users/robert/Music/01unsorted/keine ahnung/Comeback Kid - Symptoms + Cures (2010)/06 - Balance.mp3' angewendet.
13:39:30 Automatische Korrekturen wurden für die Datei '/Users/robert/Music/01unsorted/keine ahnung/Comeback Kid - Symptoms + Cures (2010)/07 - Symptoms + Cures.mp3' angewendet.
13:39:30 Automatische Korrekturen wurden für die Datei '/Users/robert/Music/01unsorted/keine ahnung/Comeback Kid - Symptoms + Cures (2010)/08 - Manifest.mp3' angewendet.
13:39:30 Automatische Korrekturen wurden für die Datei '/Users/robert/Music/01unsorted/keine ahnung/Comeback Kid - Symptoms + Cures (2010)/09 - Get Alone.mp3' angewendet.
13:39:30 Automatische Korrekturen wurden für die Datei '/Users/robert/Music/01unsorted/keine ahnung/Comeback Kid - Symptoms + Cures (2010)/10 - Magnet Pull.mp3' angewendet.
13:39:30 Automatische Korrekturen wurden für die Datei '/Users/robert/Music/01unsorted/keine ahnung/Comeback Kid - Symptoms + Cures (2010)/11 - Pull Back The Reins.mp3' angewendet.
13:39:30 Automatische Korrekturen wurden für die Datei '/Users/robert/Music/01unsorted/keine ahnung/Curry and Coco - We Are Beauty (2010)/01 - Who's Next.mp3' angewendet.
13:39:30 Automatische Korrekturen wurden für die Datei '/Users/robert/Music/01unsorted/keine ahnung/Curry and Coco - We Are Beauty (2010)/02 - Top of the Pop.mp3' angewendet.
13:39:30 Automatische Korrekturen wurden für die Datei '/Users/robert/Music/01unsorted/keine ahnung/Curry and Coco - We Are Beauty (2010)/03 - Sex Is Fashion.mp3' angewendet.
13:39:30 Automatische Korrekturen wurden für die Datei '/Users/robert/Music/01unsorted/keine ahnung/Curry and Coco - We Are Beauty (2010)/04 - Meteors.mp3' angewendet.
13:39:30 Automatische Korrekturen wurden für die Datei '/Users/robert/Music/01unsorted/keine ahnung/Curry and Coco - We Are Beauty (2010)/05 - Dancing Like a Monkey.mp3' angewendet.
13:39:30 Automatische Korrekturen wurden für die Datei '/Users/robert/Music/01unsorted/keine ahnung/Curry and Coco - We Are Beauty (2010)/06 - Jeannie.mp3' angewendet.
13:39:30 Automatische Korrekturen wurden für die Datei '/Users/robert/Music/01unsorted/keine ahnung/Curry and Coco - We Are Beauty (2010)/07 - Yummy Mummy.mp3' angewendet.
13:39:30 Automatische Korrekturen wurden für die Datei '/Users/robert/Music/01unsorted/keine ahnung/Curry and Coco - We Are Beauty (2010)/08 - Ulrtasonic.mp3' angewendet.
13:39:31 Automatische Korrekturen wurden für die Datei '/Users/robert/Music/01unsorted/keine ahnung/Curry and Coco - We Are Beauty (2010)/09 - Party Ashes.mp3' angewendet.
13:39:31 Automatische Korrekturen wurden für die Datei '/Users/robert/Music/01unsorted/keine ahnung/Curry and Coco - We Are Beauty (2010)/10 - Boys from the North.mp3' angewendet.
13:39:31 Automatische Korrekturen wurden für die Datei '/Users/robert/Music/01unsorted/keine ahnung/Curry and Coco - We Are Beauty (2010)/11 - Sex Is Fashion (Remixed by Auto).mp3' angewendet.
13:39:49 Automatische Korrekturen wurden für die Datei '/Users/robert/Music/01unsorted/von Ludo/electro/ED BANGER RECORDS/The Bee Sides [Compilation] (2011)/01 Civilization (Demo).mp3' angewendet.
13:39:49 Automatische Korrekturen wurden für die Datei '/Users/robert/Music/01unsorted/von Ludo/electro/ED BANGER RECORDS/The Bee Sides [Compilation] (2011)/02 Total.mp3' angewendet.
13:39:49 Automatische Korrekturen wurden für die Datei '/Users/robert/Music/01unsorted/von Ludo/electro/ED BANGER RECORDS/The Bee Sides [Compilation] (2011)/03 Fantasy (feat. Ruckazoid).mp3' angewendet.
13:39:49 Automatische Korrekturen wurden für die Datei '/Users/robert/Music/01unsorted/von Ludo/electro/ED BANGER RECORDS/The Bee Sides [Compilation] (2011)/04 Jack On The Moon.mp3' angewendet.
13:39:49 Automatische Korrekturen wurden für die Datei '/Users/robert/Music/01unsorted/von Ludo/electro/ED BANGER RECORDS/The Bee Sides [Compilation] (2011)/05 Procrastinator (Hey Today! Remix).mp3' angewendet.
13:41:53 Selected files tagged with album artist 'Ed Banger (label)'.
13:42:53 Künstler 'BREAKBOT' wurde in allen ausgewählten Dateien eingetragen.
13:42:54 In allen ausgewählten Dateien wurde der Title 'Fantasy (feat. Ruckazoid)' eintragen.
13:43:53 Künstler 'Justice' wurde in allen ausgewählten Dateien eingetragen.
13:43:54 In allen ausgewählten Dateien wurde der Title 'Civilisation (Demo)' eintragen.
13:44:20 Jahr '2011' wurde in allen ausgewählten Dateien eingetragen.
13:45:04 Künstler 'Breakbot' wurde in allen ausgewählten Dateien eingetragen.
13:45:47 Künstler 'Breakbot' wurde in allen ausgewählten Dateien eingetragen.
13:47:39 In allen ausgewählten Dateien wurde der Title 'Total' eintragen.
13:47:43 Künstler 'Sebastien' wurde in allen ausgewählten Dateien eingetragen.
13:49:10 Vorgaben für 'Fülle Tag'-Masken werden geladen...
13:49:28 Künstler 'Sebastien' wurde in allen ausgewählten Dateien eingetragen.
13:49:46 Neuer Dateiname wurde erfolgreich gescannt...(04 - Sebastien - Civilisation (Demo).mp3)
13:49:46 Neuer Dateiname wurde erfolgreich gescannt...(01 - Sebastien - Fantasy (feat. Ruckazoid).mp3)
13:49:46 Neuer Dateiname wurde erfolgreich gescannt...(03 - Sebastien - Jack On The Moon.mp3)
13:49:46 Neuer Dateiname wurde erfolgreich gescannt...(02 - Sebastien - Procrastinator (Hey Today! remix).mp3)
13:49:46 Neuer Dateiname wurde erfolgreich gescannt...(05 - Sebastien - Total.mp3)
13:49:48 Tag von '01 Civilization (Demo).mp3' wurde aktualisiert
13:49:50 Datei '01 Civilization (Demo).mp3' wurde in '04 - Sebastien - Civilisation (Demo).mp3' umbenannt
13:49:50 Tag von '03 Fantasy (feat. Ruckazoid).mp3' wurde aktualisiert
13:49:50 Datei '03 Fantasy (feat. Ruckazoid).mp3' wurde in '01 - Sebastien - Fantasy (feat. Ruckazoid).mp3' umbenannt
13:49:50 Tag von '04 Jack On The Moon.mp3' wurde aktualisiert
13:49:50 Datei '04 Jack On The Moon.mp3' wurde in '03 - Sebastien - Jack On The Moon.mp3' umbenannt
13:49:50 Tag von '05 Procrastinator (Hey Today! Remix).mp3' wurde aktualisiert
13:49:50 Datei '05 Procrastinator (Hey Today! Remix).mp3' wurde in '02 - Sebastien - Procrastinator (Hey Today! remix).mp3' umbenannt
13:49:50 Tag von '02 Total.mp3' wurde aktualisiert
13:49:50 Datei '02 Total.mp3' wurde in '05 - Sebastien - Total.mp3' umbenannt
13:52:28 Neuer Dateiname wurde erfolgreich gescannt...(01 - Breakbot - Fantasy (feat. Ruckazoid).mp3)
13:52:28 Neuer Dateiname wurde erfolgreich gescannt...(02 - Busy P - Procrastinator (Hey Today! remix).mp3)
13:52:28 Neuer Dateiname wurde erfolgreich gescannt...(03 - Carte Blanche - Jack On The Moon.mp3)
13:52:28 Neuer Dateiname wurde erfolgreich gescannt...(04 - Justice - Civilisation (Demo).mp3)
13:52:28 Neuer Dateiname wurde erfolgreich gescannt...(05 - Sebastien - Total.mp3)
13:52:29 Tag von '01 - Sebastien - Fantasy (feat. Ruckazoid).mp3' wurde aktualisiert
13:52:31 Datei '01 - Sebastien - Fantasy (feat. Ruckazoid).mp3' wurde in '01 - Breakbot - Fantasy (feat. Ruckazoid).mp3' umbenannt
13:52:31 Tag von '02 - Sebastien - Procrastinator (Hey Today! remix).mp3' wurde aktualisiert
13:52:31 Datei '02 - Sebastien - Procrastinator (Hey Today! remix).mp3' wurde in '02 - Busy P - Procrastinator (Hey Today! remix).mp3' umbenannt
13:52:31 Tag von '03 - Sebastien - Jack On The Moon.mp3' wurde aktualisiert
13:52:31 Datei '03 - Sebastien - Jack On The Moon.mp3' wurde in '03 - Carte Blanche - Jack On The Moon.mp3' umbenannt
13:52:31 Tag von '04 - Sebastien - Civilisation (Demo).mp3' wurde aktualisiert
13:52:31 Datei '04 - Sebastien - Civilisation (Demo).mp3' wurde in '04 - Justice - Civilisation (Demo).mp3' umbenannt
13:53:27 EasyTAG: Normal beendet.
