Erweiterung »Dia Input«: Laden fehlgeschlagen, da eine Abhängigkeit nicht aufgelöst werden konnte.
Abhängigkeit:
  Typ: executable
  Speicherort: Pfad
  Zeichenkette: dia
  Beschreibung: Um Dia-Dateien zu importieren, muss Dia selbst installiert sein. Sie können Dia von http://live.gnome.org/Dia herunterladen.

Erweiterung »DXF Output«: Laden fehlgeschlagen, da eine Abhängigkeit nicht aufgelöst werden konnte.
Abhängigkeit:
  Typ: executable
  Speicherort: Pfad
  Zeichenkette: pstoedit
  Beschreibung: pstoedit muss installiert sein, um diese Funktion nutzen zu können. Siehe http://www.pstoedit.net/pstoedit

Erweiterung »LaTeX formula«: Laden fehlgeschlagen, da eine Abhängigkeit nicht aufgelöst werden konnte.
Abhängigkeit:
  Typ: executable
  Speicherort: Pfad
  Zeichenkette: pstoedit

Erweiterung »XFIG Input«: Laden fehlgeschlagen, da eine Abhängigkeit nicht aufgelöst werden konnte.
Abhängigkeit:
  Typ: executable
  Speicherort: Pfad
  Zeichenkette: fig2dev

Erweiterung »GIMP XCF«: Laden fehlgeschlagen, da eine Abhängigkeit nicht aufgelöst werden konnte.
Abhängigkeit:
  Typ: executable
  Speicherort: Pfad
  Zeichenkette: gimp

Erweiterung »Sketch Input«: Laden fehlgeschlagen, da eine Abhängigkeit nicht aufgelöst werden konnte.
Abhängigkeit:
  Typ: executable
  Speicherort: Pfad
  Zeichenkette: skconvert

